make all --print-data-base --no-builtin-variables --no-builtin-rules --question
# GNU Make 3.81
# Copyright (C) 2006  Free Software Foundation, Inc.
# This is free software; see the source for copying conditions.
# There is NO warranty; not even for MERCHANTABILITY or FITNESS FOR A
# PARTICULAR PURPOSE.

# This program built for i386-apple-darwin11.3.0
 

# Make data base, printed on Sat Jul  9 16:18:52 2022

# Variables

# makefile (from `Makefile', line 15)
READLINE_DIR = readline
# automatic
<D = $(patsubst %/,%,$(dir $<))
# automatic
?F = $(notdir $?)
# environment
VSCODE_LOG_NATIVE = false
# automatic
?D = $(patsubst %/,%,$(dir $?))
# automatic
@D = $(patsubst %/,%,$(dir $@))
# automatic
@F = $(notdir $@)
# makefile
CURDIR := /Users/seseo/minishell
 
# makefile
SHELL = /bin/sh
# environment
VSCODE_NLS_CONFIG = {"locale":"en-us","availableLanguages":{},"_languagePackSupport":true}
# environment
_ = /usr/bin/make
# makefile (from `Makefile', line 20)
CFLAGS = -Wall -Werror -Wextra -g 
# makefile (from `Makefile', line 25)
SRCS_NAME = main.c sig_handler.c exe_handler.c heredoc.c lst_utils.c settings.c gnl.c builtin_echo.c builtin_pwd.c builtin_exit.c builtin_cd.c builtin_env.c builtin_export.c builtin_unset.c env_utils.c
# makefile (from `Makefile', line 1)
MAKEFILE_LIST :=  Makefile
# makefile (from `Makefile', line 46)
LIB_DIR = libft
# environment
VSCODE_VERBOSE_LOGGING = true
# makefile (from `Makefile', line 44)
OBJS = $(addprefix $(OBJS_DIR)/, $(SRCS_NAME:.c=.o))
# makefile (from `Makefile', line 22)
INCS = -Ilibft -I.
# environment
VSCODE_IPC_HOOK_EXTHOST = /var/folders/zz/zyxvpxvq6csfxvn_n000cmcm003535/T/vscode-ipc-7112b68e-3202-4fa8-b3dd-91f62a480029.sock
# makefile (from `Makefile', line 17)
READLINE = $(READLINE_DIR)/libreadline.a
# environment
VSCODE_CWD = /
# environment
PATH = /Users/seseo/.brew/bin:/usr/local/bin:/usr/bin:/bin:/usr/sbin:/sbin:/usr/local/munki:/Applications/Visual Studio Code.app/Contents/Resources/app/bin
# environment
LaunchInstanceID = 8136113F-9910-4349-A398-D1556D91A802
# makefile (from `Makefile', line 24)
SRCS_DIR = srcs
# environment
VSCODE_LOG_STACK = false
# environment
ELECTRON_RUN_AS_NODE = 1
# makefile (from `Makefile', line 48)
LIB = $(addprefix $(LIB_DIR)/, libft.a)
# default
.FEATURES := target-specific order-only second-expansion else-if archives jobserver check-symlink
# environment
SSH_AUTH_SOCK = /private/tmp/com.apple.launchd.IJoapBxNIX/Listeners
# automatic
%F = $(notdir $%)
# environment
VSCODE_PIPE_LOGGING = true
# environment
PWD = /Users/seseo/minishell
# environment
ORIGINAL_XDG_CURRENT_DESKTOP = undefined
# environment
VSCODE_AMD_ENTRYPOINT = vs/workbench/api/node/extensionHostProcess
# environment
HOME = /Users/seseo
# default
MAKEFILEPATH := /Applications/Xcode.app/Contents/Developer/Makefiles
# environment
VSCODE_CODE_CACHE_PATH = /Users/seseo/Library/Application Support/Code/CachedData/c3511e6c69bb39013c4a4b7b9566ec1ca73fc4d5
# makefile (from `Makefile', line 16)
READLINE_LIB = $(READLINE_DIR)
# environment
LOGNAME = seseo
# environment
APPLICATION_INSIGHTS_NO_DIAGNOSTIC_CHANNEL = 1
# environment
VSCODE_HANDLES_UNCAUGHT_ERRORS = true
# automatic
^D = $(patsubst %/,%,$(dir $^))
# environment
XPC_FLAGS = 0x0
# default
MAKE = $(MAKE_COMMAND)
# default
MAKECMDGOALS := all
# makefile (from `Makefile', line 41)
SRCS = $(addprefix $(SRCS_DIR)/, $(SRCS_NAME))
# environment
SHLVL = 1
# makefile (from `Makefile', line 19)
CC = gcc
# default
MAKE_VERSION := 3.81
# environment
USER = seseo
# makefile
.DEFAULT_GOAL := minishell
# makefile (from `Makefile', line 13)
NAME = minishell
# automatic
%D = $(patsubst %/,%,$(dir $%))
# default
MAKE_COMMAND := /Applications/Xcode.app/Contents/Developer/usr/bin/make
# default
.VARIABLES := 
# environment
TMPDIR = /var/folders/zz/zyxvpxvq6csfxvn_n000cmcm003535/T/
# automatic
*F = $(notdir $*)
# environment
VSCODE_IPC_HOOK = /Users/seseo/Library/Application Support/Code/1.67.2-main.sock
# makefile
MAKEFLAGS = Rrqp
# environment
MFLAGS = -Rrqp
# automatic
*D = $(patsubst %/,%,$(dir $*))
# environment
EMAIL = seseo@student.42seoul.kr
# environment
XPC_SERVICE_NAME = com.apple.xpc.launchd.oneshot.0x10000008.Electron
# makefile (from `Makefile', line 43)
OBJS_DIR = objs
# automatic
+D = $(patsubst %/,%,$(dir $+))
# automatic
+F = $(notdir $+)
# environment
__CF_USER_TEXT_ENCODING = 0x19465:0x0:0x0
# environment
COMMAND_MODE = unix2003
# default
MAKEFILES := 
# automatic
<F = $(notdir $<)
# environment
LC_ALL = C
# environment
SECURITYSESSIONID = 186bf
# automatic
^F = $(notdir $^)
# default
SUFFIXES := 
# makefile (from `Makefile', line 47)
LIB_NAME = ft
# default
.INCLUDE_DIRS = /usr/local/include
# environment
MAKELEVEL := 0
# environment
LANG = C
# environment
VSCODE_PID = 16860
# variable set hash-table stats:
# Load=79/1024=8%, Rehash=0, Collisions=3/125=2%

# Pattern-specific Variable Values

# No pattern-specific variable values.

# Directories

# . (device 16777225, inode 10143725): 12 files, no impossibilities.
# srcs (device 16777225, inode 10144280): 18 files, no impossibilities so far.

# 30 files, no impossibilities in 2 directories.

# Implicit Rules

objs/%.o: srcs/%.c
#  commands to execute (from `Makefile', line 61):
	mkdir -p $(OBJS_DIR)
	$(CC) $(CFLAGS) $(INCS) $(CPPFLAGS) -c $< -o $@
	

# 1 implicit rules, 0 (0.0%) terminal.

# Files
 

# Not a target:
srcs/sig_handler.c:
#  Implicit rule search has been done.
#  Last modified 2022-07-07 23:38:45
#  File has been updated.
#  Successfully updated.
# variable set hash-table stats:
# Load=0/32=0%, Rehash=0, Collisions=0/0=0%

objs/main.o: srcs/main.c
#  Implicit rule search has been done.
#  Implicit/static pattern stem: `main'
#  Last modified 2022-07-09 16:18:33
#  File has been updated.
#  Successfully updated.
# variable set hash-table stats:
# Load=0/32=0%, Rehash=0, Collisions=0/0=0%
#  commands to execute (from `Makefile', line 61):
	mkdir -p $(OBJS_DIR)
	$(CC) $(CFLAGS) $(INCS) $(CPPFLAGS) -c $< -o $@
	

# Not a target:
objs/builtin_cd.o:
#  Implicit rule search has not been done.
#  Modification time never checked.
#  File has not been updated.

all: minishell
#  Phony target (prerequisite of .PHONY).
#  Command-line target.
#  Implicit rule search has not been done.
#  File does not exist.
#  File has been updated.
#  Needs to be updated (-q is set).
# variable set hash-table stats:
# Load=0/32=0%, Rehash=0, Collisions=0/7=0%

.PHONY: all clean fclean re
#  Implicit rule search has not been done.
#  Modification time never checked.
#  File has not been updated.

objs/gnl.o: srcs/gnl.c
#  Implicit rule search has been done.
#  Implicit/static pattern stem: `gnl'
#  Last modified 2022-07-09 16:18:33
#  File has been updated.
#  Successfully updated.
# variable set hash-table stats:
# Load=0/32=0%, Rehash=0, Collisions=0/0=0%
#  commands to execute (from `Makefile', line 61):
	mkdir -p $(OBJS_DIR)
	$(CC) $(CFLAGS) $(INCS) $(CPPFLAGS) -c $< -o $@
	

# Not a target:
.SUFFIXES:
#  Implicit rule search has not been done.
#  Modification time never checked.
#  File has not been updated.

objs/settings.o: srcs/settings.c
#  Implicit rule search has been done.
#  Implicit/static pattern stem: `settings'
#  Last modified 2022-07-09 16:18:33
#  File has been updated.
#  Successfully updated.
# variable set hash-table stats:
# Load=0/32=0%, Rehash=0, Collisions=0/0=0%
#  commands to execute (from `Makefile', line 61):
	mkdir -p $(OBJS_DIR)
	$(CC) $(CFLAGS) $(INCS) $(CPPFLAGS) -c $< -o $@
	

# Not a target:
Makefile:
#  Implicit rule search has been done.
#  Last modified 2022-07-09 16:18:17
#  File has been updated.
#  Successfully updated.
# variable set hash-table stats:
# Load=0/32=0%, Rehash=0, Collisions=0/0=0%

# Not a target:
srcs/main.c:
#  Implicit rule search has been done.
#  Last modified 2022-07-09 16:17:43
#  File has been updated.
#  Successfully updated.
# variable set hash-table stats:
# Load=0/32=0%, Rehash=0, Collisions=0/0=0%

objs/builtin_echo.o: srcs/builtin_echo.c
#  Implicit rule search has been done.
#  Implicit/static pattern stem: `builtin_echo'
#  Last modified 2022-07-09 16:18:33
#  File has been updated.
#  Successfully updated.
# variable set hash-table stats:
# Load=0/32=0%, Rehash=0, Collisions=0/0=0%
#  commands to execute (from `Makefile', line 61):
	mkdir -p $(OBJS_DIR)
	$(CC) $(CFLAGS) $(INCS) $(CPPFLAGS) -c $< -o $@
	

# Not a target:
objs/env_utils.o:
#  Implicit rule search has not been done.
#  Modification time never checked.
#  File has not been updated.

# Not a target:
objs/builtin_export.o:
#  Implicit rule search has not been done.
#  Modification time never checked.
#  File has not been updated.

readline/libreadline.a:
#  Implicit rule search has not been done.
#  Modification time never checked.
#  File has not been updated.
#  commands to execute (from `Makefile', line 54):
	@cd $(READLINE_DIR); ./configure
	@$(MAKE) -C $(READLINE_DIR) all
	

minishell: libft/libft.a objs/main.o objs/sig_handler.o objs/exe_handler.o objs/heredoc.o objs/lst_utils.o objs/settings.o objs/gnl.o objs/builtin_echo.o objs/builtin_pwd.o objs/builtin_exit.o objs/builtin_cd.o objs/builtin_env.o objs/builtin_export.o objs/builtin_unset.o objs/env_utils.o readline/libreadline.a
#  Implicit rule search has not been done.
#  Last modified 2022-07-09 16:17:53
#  File has been updated.
#  Needs to be updated (-q is set).
# variable set hash-table stats:
# Load=0/32=0%, Rehash=0, Collisions=0/7=0%
#  commands to execute (from `Makefile', line 51):
	$(CC) $(CFLAGS) $(INCS) -L$(LIB_DIR) -l$(LIB_NAME) -L$(READLINE_DIR) -lreadline -lhistory -lncurses $(OBJS) -o $@
	

libft/libft.a:
#  Implicit rule search has not been done.
#  Last modified 2022-07-08 22:01:23
#  File has been updated.
#  Successfully updated.
#  commands to execute (from `Makefile', line 58):
	$(MAKE) -C $(LIB_DIR) all
	

# Not a target:
srcs/gnl.c:
#  Implicit rule search has been done.
#  Last modified 2022-07-08 18:54:51
#  File has been updated.
#  Successfully updated.
# variable set hash-table stats:
# Load=0/32=0%, Rehash=0, Collisions=0/0=0%

# Not a target:
srcs/settings.c:
#  Implicit rule search has been done.
#  Last modified 2022-07-08 18:39:29
#  File has been updated.
#  Successfully updated.
# variable set hash-table stats:
# Load=0/32=0%, Rehash=0, Collisions=0/0=0%

fclean: clean
#  Phony target (prerequisite of .PHONY).
#  Implicit rule search has not been done.
#  File does not exist.
#  File has not been updated.
#  commands to execute (from `Makefile', line 72):
	rm -rf $(LIB)
	rm -rf $(NAME) $(OBJS_DIR)
	

# Not a target:
srcs/exe_handler.c:
#  Implicit rule search has been done.
#  Last modified 2022-07-09 15:39:43
#  File has been updated.
#  Successfully updated.
# variable set hash-table stats:
# Load=0/32=0%, Rehash=0, Collisions=0/0=0%

# Not a target:
srcs/builtin_echo.c:
#  Implicit rule search has been done.
#  Last modified 2022-07-09 15:27:37
#  File has been updated.
#  Successfully updated.
# variable set hash-table stats:
# Load=0/32=0%, Rehash=0, Collisions=0/0=0%

# Not a target:
objs/builtin_unset.o:
#  Implicit rule search has not been done.
#  Modification time never checked.
#  File has not been updated.

# Not a target:
.DEFAULT:
#  Implicit rule search has not been done.
#  Modification time never checked.
#  File has not been updated.

objs/exe_handler.o: srcs/exe_handler.c
#  Implicit rule search has been done.
#  Implicit/static pattern stem: `exe_handler'
#  Last modified 2022-07-09 16:18:33
#  File has been updated.
#  Successfully updated.
# variable set hash-table stats:
# Load=0/32=0%, Rehash=0, Collisions=0/0=0%
#  commands to execute (from `Makefile', line 61):
	mkdir -p $(OBJS_DIR)
	$(CC) $(CFLAGS) $(INCS) $(CPPFLAGS) -c $< -o $@
	

# Not a target:
objs/builtin_env.o:
#  Implicit rule search has not been done.
#  Modification time never checked.
#  File has not been updated.

objs/lst_utils.o: srcs/lst_utils.c
#  Implicit rule search has been done.
#  Implicit/static pattern stem: `lst_utils'
#  Last modified 2022-07-09 16:18:33
#  File has been updated.
#  Successfully updated.
# variable set hash-table stats:
# Load=0/32=0%, Rehash=0, Collisions=0/0=0%
#  commands to execute (from `Makefile', line 61):
	mkdir -p $(OBJS_DIR)
	$(CC) $(CFLAGS) $(INCS) $(CPPFLAGS) -c $< -o $@
	

re:
#  Phony target (prerequisite of .PHONY).
#  Implicit rule search has not been done.
#  File does not exist.
#  File has not been updated.
#  commands to execute (from `Makefile', line 76):
	$(MAKE)
	

# Not a target:
objs/builtin_exit.o:
#  Implicit rule search has not been done.
#  Modification time never checked.
#  File has not been updated.

clean:
#  Phony target (prerequisite of .PHONY).
#  Implicit rule search has not been done.
#  File does not exist.
#  File has not been updated.
#  commands to execute (from `Makefile', line 67):
	$(MAKE) -C $(LIB_DIR) clean
	$(MAKE) -C $(READLINE_DIR) clean
	rm -rf $(OBJS_DIR)
	

objs/builtin_pwd.o: srcs/builtin_pwd.c
#  Implicit rule search has been done.
#  Implicit/static pattern stem: `builtin_pwd'
#  File does not exist.
#  File has been updated.
#  Needs to be updated (-q is set).
# automatic
# @ := objs/builtin_pwd.o
# automatic
# % := 
# automatic
# * := builtin_pwd
# automatic
# + := srcs/builtin_pwd.c
# automatic
# | := 
# automatic
# < := srcs/builtin_pwd.c
# automatic
# ^ := srcs/builtin_pwd.c
# automatic
# ? := srcs/builtin_pwd.c
# variable set hash-table stats:
# Load=8/32=25%, Rehash=0, Collisions=1/17=6%
 
#  commands to execute (from `Makefile', line 61):
	mkdir -p $(OBJS_DIR)
	$(CC) $(CFLAGS) $(INCS) $(CPPFLAGS) -c $< -o $@
	

objs/heredoc.o: srcs/heredoc.c
#  Implicit rule search has been done.
#  Implicit/static pattern stem: `heredoc'
#  Last modified 2022-07-09 16:18:33
#  File has been updated.
#  Successfully updated.
# variable set hash-table stats:
# Load=0/32=0%, Rehash=0, Collisions=0/0=0%
#  commands to execute (from `Makefile', line 61):
	mkdir -p $(OBJS_DIR)
	$(CC) $(CFLAGS) $(INCS) $(CPPFLAGS) -c $< -o $@
	

objs/sig_handler.o: srcs/sig_handler.c
#  Implicit rule search has been done.
#  Implicit/static pattern stem: `sig_handler'
#  Last modified 2022-07-09 16:18:33
#  File has been updated.
#  Successfully updated.
# variable set hash-table stats:
# Load=0/32=0%, Rehash=0, Collisions=0/0=0%
#  commands to execute (from `Makefile', line 61):
	mkdir -p $(OBJS_DIR)
	$(CC) $(CFLAGS) $(INCS) $(CPPFLAGS) -c $< -o $@
	

# Not a target:
srcs/lst_utils.c:
#  Implicit rule search has been done.
#  Last modified 2022-07-09 15:12:05
#  File has been updated.
#  Successfully updated.
# variable set hash-table stats:
# Load=0/32=0%, Rehash=0, Collisions=0/0=0%

# Not a target:
srcs/builtin_pwd.c:
#  Implicit rule search has been done.
#  Last modified 2022-07-07 23:38:45
#  File has been updated.
#  Successfully updated.
# variable set hash-table stats:
# Load=0/32=0%, Rehash=0, Collisions=0/0=0%

# Not a target:
srcs/heredoc.c:
#  Implicit rule search has been done.
#  Last modified 2022-07-08 18:38:46
#  File has been updated.
#  Successfully updated.
# variable set hash-table stats:
# Load=0/32=0%, Rehash=0, Collisions=0/0=0%

# files hash-table stats:
# Load=35/1024=3%, Rehash=0, Collisions=6/98=6%
# VPATH Search Paths

# No `vpath' search paths.

# No general (`VPATH' variable) search path.

# # of strings in strcache: 1
# # of strcache buffers: 1
# strcache size: total = 4096 / max = 4096 / min = 4096 / avg = 4096
# strcache free: total = 4087 / max = 4087 / min = 4087 / avg = 4087

# Finished Make data base on Sat Jul  9 16:18:52 2022

 
